<?xml version="1.0" encoding="UTF-8"?>
<!-- Generated by org.testng.reporters.JUnitReportReporter -->
<testsuite hostname="CIT-LP252" failures="0" tests="16" name="TestCases.Collection_AdvSearchTest" time="374.612" errors="0" timestamp="2024-10-16T04:15:15 IST" skipped="0">
  <testcase classname="TestCases.Collection_AdvSearchTest" name="VerifyColContentProvider" time="17.564"/>
  <testcase classname="TestCases.Collection_AdvSearchTest" name="VerifyColFormat" time="57.751"/>
  <testcase classname="TestCases.Collection_AdvSearchTest" name="VerifyColDatePurchased" time="20.852"/>
  <testcase classname="TestCases.Collection_AdvSearchTest" name="VerifyColPricing" time="19.031"/>
  <testcase classname="TestCases.Collection_AdvSearchTest" name="VerifyColDateAddedToCAT" time="28.099"/>
  <testcase classname="TestCases.Collection_AdvSearchTest" name="VerifyColLanguage" time="17.728"/>
  <testcase classname="TestCases.Collection_AdvSearchTest" name="VerifyColAudience" time="17.930"/>
  <testcase classname="TestCases.Collection_AdvSearchTest" name="VerifyColCategoryAndSubject" time="22.980"/>
  <testcase classname="TestCases.Collection_AdvSearchTest" name="VerifyColTitle" time="12.348"/>
  <testcase classname="TestCases.Collection_AdvSearchTest" name="VerifyColPublishedWithin" time="22.400"/>
  <testcase classname="TestCases.Collection_AdvSearchTest" name="VerifyColPublisher" time="19.927"/>
  <testcase classname="TestCases.Collection_AdvSearchTest" name="VerifyColHoldRatio" time="16.677"/>
  <testcase classname="TestCases.Collection_AdvSearchTest" name="VerifyColAuthor" time="16.391"/>
  <testcase classname="TestCases.Collection_AdvSearchTest" name="VerifyColPPUTitles" time="52.171"/>
  <testcase classname="TestCases.Collection_AdvSearchTest" name="VerifyColNarrator" time="16.691"/>
  <testcase classname="TestCases.Collection_AdvSearchTest" name="VerifyColSeries" time="16.072"/>
</testsuite> <!-- TestCases.Collection_AdvSearchTest -->
