<?xml version="1.0" encoding="UTF-8"?>
<!-- Generated by org.testng.reporters.JUnitReportReporter -->
<testsuite hostname="CIT-LP252" failures="0" tests="4" name="TestCases.Spotlight_Test" time="33.516" errors="0" timestamp="2025-01-07T20:18:21 IST" skipped="0">
  <testcase classname="TestCases.Spotlight_Test" name="verifyCreateNewCart" time="8.552"/>
  <testcase classname="TestCases.Spotlight_Test" name="AddToCart" time="14.669"/>
  <testcase classname="TestCases.Spotlight_Test" name="verifyTitlesInCart" time="6.923"/>
  <testcase classname="TestCases.Spotlight_Test" name="verifyDeleteNewCart" time="3.372"/>
</testsuite> <!-- TestCases.Spotlight_Test -->
