<?xml version="1.0" encoding="UTF-8"?>
<!-- Generated by org.testng.reporters.JUnitReportReporter -->
<testsuite hostname="CIT-LP252" failures="0" tests="11" name="TestCases.SearchLeftPanel_Test" time="267.902" errors="0" timestamp="2024-10-16T04:15:15 IST" skipped="0">
  <testcase classname="TestCases.SearchLeftPanel_Test" name="verifyKeywordFieldsDisabled" time="15.839"/>
  <testcase classname="TestCases.SearchLeftPanel_Test" name="VerifyQuickSearchByAuthor" time="15.197"/>
  <testcase classname="TestCases.SearchLeftPanel_Test" name="verifySpecificTitleLeftPanel" time="41.704"/>
  <testcase classname="TestCases.SearchLeftPanel_Test" name="VerifyQuickSearchByTitle" time="16.670"/>
  <testcase classname="TestCases.SearchLeftPanel_Test" name="VerifyQuickSearchByISBN" time="11.995"/>
  <testcase classname="TestCases.SearchLeftPanel_Test" name="verifyMultipleTitlesAdvSearch" time="23.777"/>
  <testcase classname="TestCases.SearchLeftPanel_Test" name="verifySpecificTitleSearch" time="24.843"/>
  <testcase classname="TestCases.SearchLeftPanel_Test" name="VerifyNarratorSearch" time="27.456"/>
  <testcase classname="TestCases.SearchLeftPanel_Test" name="verifyMultipleTitlesLeftPanel" time="37.099"/>
  <testcase classname="TestCases.SearchLeftPanel_Test" name="VerifySeriesSearch" time="24.371"/>
  <testcase classname="TestCases.SearchLeftPanel_Test" name="VerifyAuthorSearch" time="28.951"/>
</testsuite> <!-- TestCases.SearchLeftPanel_Test -->
