<?xml version="1.0" encoding="UTF-8"?>
<!-- Generated by org.testng.reporters.JUnitReportReporter -->
<testsuite hostname="CIT-LP252" failures="0" tests="1" name="TestCases.Settings_Test" time="105.876" errors="0" timestamp="2024-12-05T16:29:39 IST" skipped="0">
  <testcase classname="TestCases.Settings_Test" name="verifyLibrarySettings" time="105.876"/>
</testsuite> <!-- TestCases.Settings_Test -->
