<?xml version="1.0" encoding="UTF-8"?>
<!-- Generated by org.testng.reporters.JUnitReportReporter -->
<testsuite hostname="CIT-LP93" failures="0" tests="1" name="com.api.test.DeleteAPICall" time="0.699" errors="0" timestamp="2023-08-17T10:43:01 IST" skipped="0">
  <testcase classname="com.api.test.DeleteAPICall" name="deleteUserTest" time="0.699"/>
  <system-out/>
</testsuite> <!-- com.api.test.DeleteAPICall -->
