<?xml version="1.0" encoding="UTF-8"?>
<!-- Generated by org.testng.reporters.JUnitReportReporter -->
<testsuite hostname="CIT-LP252" failures="0" tests="1" name="TestCases.Messages_Test" time="43.927" errors="0" timestamp="2024-12-13T14:17:38 IST" skipped="0">
  <testcase classname="TestCases.Messages_Test" name="verify_AddMessage" time="43.927"/>
</testsuite> <!-- TestCases.Messages_Test -->
