<?xml version="1.0" encoding="UTF-8"?>
<!-- Generated by org.testng.reporters.JUnitReportReporter -->
<testsuite hostname="CIT-LP252" failures="0" tests="11" name="TestCases.SearchLeftPanel_Test" time="189.221" errors="0" timestamp="2024-12-03T19:27:42 IST" skipped="0">
  <testcase classname="TestCases.SearchLeftPanel_Test" name="verifyMultipleTitlesAdvSearch" time="15.918"/>
  <testcase classname="TestCases.SearchLeftPanel_Test" name="verifySpecificTitleLeftPanel" time="29.823"/>
  <testcase classname="TestCases.SearchLeftPanel_Test" name="VerifyQuickSearchByISBN" time="8.133"/>
  <testcase classname="TestCases.SearchLeftPanel_Test" name="VerifySeriesSearch" time="15.121"/>
  <testcase classname="TestCases.SearchLeftPanel_Test" name="VerifyAuthorSearch" time="21.556"/>
  <testcase classname="TestCases.SearchLeftPanel_Test" name="VerifyNarratorSearch" time="17.811"/>
  <testcase classname="TestCases.SearchLeftPanel_Test" name="verifyMultipleTitlesLeftPanel" time="25.797"/>
  <testcase classname="TestCases.SearchLeftPanel_Test" name="verifyKeywordFieldsDisabled" time="9.376"/>
  <testcase classname="TestCases.SearchLeftPanel_Test" name="verifySpecificTitleSearch" time="23.586"/>
  <testcase classname="TestCases.SearchLeftPanel_Test" name="VerifyQuickSearchByTitle" time="11.174"/>
  <testcase classname="TestCases.SearchLeftPanel_Test" name="VerifyQuickSearchByAuthor" time="10.926"/>
</testsuite> <!-- TestCases.SearchLeftPanel_Test -->
