<?xml version="1.0" encoding="UTF-8"?>
<!-- Generated by org.testng.reporters.JUnitReportReporter -->
<testsuite hostname="CIT-LP93" failures="0" tests="2" name="com.test.TestFile2" time="19.142" errors="0" timestamp="2023-08-31T16:25:51 IST" skipped="0">
  <testcase classname="com.test.TestFile2" name="verifySearch" time="14.841"/>
  <system-out/>
  <testcase classname="com.test.TestFile2" name="verifyALogin" time="4.301"/>
  <system-out/>
</testsuite> <!-- com.test.TestFile2 -->
