<?xml version="1.0" encoding="UTF-8"?>
<!-- Generated by org.testng.reporters.JUnitReportReporter -->
<testsuite hostname="CIT-LP252" failures="0" tests="2" name="TestCases.SearchAdv_Test" time="30.013" errors="1" timestamp="2025-01-27T11:46:43 IST" skipped="1">
  <testcase classname="TestCases.SearchAdv_Test" name="setupBefore" time="30.013">
    <error message="Error {
  message=&#039;Timeout 30000ms exceeded.
  name=&#039;TimeoutError
  stack=&#039;TimeoutError: Timeout 30000ms exceeded.
    at ProgressController.run (C:\Users\raja.k\AppData\Local\Temp\playwright-java-17774498921509716961\package\lib\server\progress.js:78:26)
    at Frame.waitForSelector (C:\Users\raja.k\AppData\Local\Temp\playwright-java-17774498921509716961\package\lib\server\frames.js:619:23)
    at FrameDispatcher.waitForSelector (C:\Users\raja.k\AppData\Local\Temp\playwright-java-17774498921509716961\package\lib\server\dispatchers\frameDispatcher.js:106:103)
    at FrameDispatcher._handleCommand (C:\Users\raja.k\AppData\Local\Temp\playwright-java-17774498921509716961\package\lib\server\dispatchers\dispatcher.js:94:40)
    at DispatcherConnection.dispatch (C:\Users\raja.k\AppData\Local\Temp\playwright-java-17774498921509716961\package\lib\server\dispatchers\dispatcher.js:365:39)
}
Call log:
- waiting for locator(&quot;//span[contains(text(),&#039;Search&#039;)]&quot;) to be visible
" type="com.microsoft.playwright.TimeoutError">
      <![CDATA[com.microsoft.playwright.TimeoutError: Error {
  message='Timeout 30000ms exceeded.
  name='TimeoutError
  stack='TimeoutError: Timeout 30000ms exceeded.
    at ProgressController.run (C:\Users\raja.k\AppData\Local\Temp\playwright-java-17774498921509716961\package\lib\server\progress.js:78:26)
    at Frame.waitForSelector (C:\Users\raja.k\AppData\Local\Temp\playwright-java-17774498921509716961\package\lib\server\frames.js:619:23)
    at FrameDispatcher.waitForSelector (C:\Users\raja.k\AppData\Local\Temp\playwright-java-17774498921509716961\package\lib\server\dispatchers\frameDispatcher.js:106:103)
    at FrameDispatcher._handleCommand (C:\Users\raja.k\AppData\Local\Temp\playwright-java-17774498921509716961\package\lib\server\dispatchers\dispatcher.js:94:40)
    at DispatcherConnection.dispatch (C:\Users\raja.k\AppData\Local\Temp\playwright-java-17774498921509716961\package\lib\server\dispatchers\dispatcher.js:365:39)
}
Call log:
- waiting for locator("//span[contains(text(),'Search')]") to be visible

at com.microsoft.playwright.impl.WaitableResult.get(WaitableResult.java:52)
at com.microsoft.playwright.impl.ChannelOwner.runUntil(ChannelOwner.java:120)
at com.microsoft.playwright.impl.Connection.sendMessage(Connection.java:130)
at com.microsoft.playwright.impl.ChannelOwner.sendMessage(ChannelOwner.java:106)
at com.microsoft.playwright.impl.FrameImpl.waitForSelectorImpl(FrameImpl.java:1060)
at com.microsoft.playwright.impl.FrameImpl.waitForSelectorImpl(FrameImpl.java:1050)
at com.microsoft.playwright.impl.PageImpl.lambda$waitForSelector$93(PageImpl.java:1491)
at com.microsoft.playwright.impl.LoggingSupport.withLogging(LoggingSupport.java:47)
at com.microsoft.playwright.impl.ChannelOwner.withLogging(ChannelOwner.java:89)
at com.microsoft.playwright.impl.PageImpl.waitForSelector(PageImpl.java:1490)
at com.Factory.PlaywrightFactory.waitForVisibilityOf(PlaywrightFactory.java:269)
at com.pages.SearchPage.clickOnSearch(SearchPage.java:217)
at TestCases.SearchAdv_Test.setupBefore(SearchAdv_Test.java:19)
at java.base/jdk.internal.reflect.NativeMethodAccessorImpl.invoke0(Native Method)
at java.base/jdk.internal.reflect.NativeMethodAccessorImpl.invoke(NativeMethodAccessorImpl.java:77)
at java.base/jdk.internal.reflect.DelegatingMethodAccessorImpl.invoke(DelegatingMethodAccessorImpl.java:43)
at java.base/java.lang.reflect.Method.invoke(Method.java:568)
at org.testng.internal.invokers.MethodInvocationHelper.invokeMethod(MethodInvocationHelper.java:141)
at org.testng.internal.invokers.MethodInvocationHelper.invokeMethodConsideringTimeout(MethodInvocationHelper.java:71)
at org.testng.internal.invokers.ConfigInvoker.invokeConfigurationMethod(ConfigInvoker.java:400)
at org.testng.internal.invokers.ConfigInvoker.invokeConfigurations(ConfigInvoker.java:333)
at org.testng.internal.invokers.TestMethodWorker.invokeBeforeClassMethods(TestMethodWorker.java:188)
at org.testng.internal.invokers.TestMethodWorker.run(TestMethodWorker.java:128)
at java.base/java.util.ArrayList.forEach(ArrayList.java:1511)
at org.testng.TestRunner.privateRun(TestRunner.java:739)
at org.testng.TestRunner.run(TestRunner.java:614)
at org.testng.SuiteRunner.runTest(SuiteRunner.java:421)
at org.testng.SuiteRunner.runSequentially(SuiteRunner.java:413)
at org.testng.SuiteRunner.privateRun(SuiteRunner.java:373)
at org.testng.SuiteRunner.run(SuiteRunner.java:312)
at org.testng.SuiteRunnerWorker.runSuite(SuiteRunnerWorker.java:52)
at org.testng.SuiteRunnerWorker.run(SuiteRunnerWorker.java:95)
at org.testng.TestNG.runSuitesSequentially(TestNG.java:1274)
at org.testng.TestNG.runSuitesLocally(TestNG.java:1208)
at org.testng.TestNG.runSuites(TestNG.java:1112)
at org.testng.TestNG.run(TestNG.java:1079)
at org.testng.remote.AbstractRemoteTestNG.run(AbstractRemoteTestNG.java:115)
at org.testng.remote.RemoteTestNG.initAndRun(RemoteTestNG.java:293)
at org.testng.remote.RemoteTestNG.main(RemoteTestNG.java:91)
Caused by: com.microsoft.playwright.TimeoutError: Error {
  message='Timeout 30000ms exceeded.
  name='TimeoutError
  stack='TimeoutError: Timeout 30000ms exceeded.
    at ProgressController.run (C:\Users\raja.k\AppData\Local\Temp\playwright-java-17774498921509716961\package\lib\server\progress.js:78:26)
    at Frame.waitForSelector (C:\Users\raja.k\AppData\Local\Temp\playwright-java-17774498921509716961\package\lib\server\frames.js:619:23)
    at FrameDispatcher.waitForSelector (C:\Users\raja.k\AppData\Local\Temp\playwright-java-17774498921509716961\package\lib\server\dispatchers\frameDispatcher.js:106:103)
    at FrameDispatcher._handleCommand (C:\Users\raja.k\AppData\Local\Temp\playwright-java-17774498921509716961\package\lib\server\dispatchers\dispatcher.js:94:40)
    at DispatcherConnection.dispatch (C:\Users\raja.k\AppData\Local\Temp\playwright-java-17774498921509716961\package\lib\server\dispatchers\dispatcher.js:365:39)
}
Call log:
- waiting for locator("//span[contains(text(),'Search')]") to be visible

at com.microsoft.playwright.impl.Connection.dispatch(Connection.java:254)
at com.microsoft.playwright.impl.Connection.processOneMessage(Connection.java:211)
at com.microsoft.playwright.impl.ChannelOwner.runUntil(ChannelOwner.java:118)
... 37 more
]]>
    </error>
  </testcase> <!-- setupBefore -->
  <testcase classname="TestCases.SearchAdv_Test" name="VerifyTitle" time="0.000">
    <skipped/>
  </testcase> <!-- VerifyTitle -->
</testsuite> <!-- TestCases.SearchAdv_Test -->
