<?xml version="1.0" encoding="UTF-8"?>
<!-- Generated by org.testng.reporters.JUnitReportReporter -->
<testsuite hostname="CIT-LP252" failures="0" tests="29" name="TestCases.SearchCombinations" time="488.971" errors="0" timestamp="2024-12-03T19:27:42 IST" skipped="0">
  <testcase classname="TestCases.SearchCombinations" name="VerifyTitleAndAuthor" time="8.452"/>
  <testcase classname="TestCases.SearchCombinations" name="VerifyAddedToCatAndLastPurchased" time="9.541"/>
  <testcase classname="TestCases.SearchCombinations" name="VerifyColLanguage" time="13.163"/>
  <testcase classname="TestCases.SearchCombinations" name="VerifyPublishedDateAndAllLoans" time="11.476"/>
  <testcase classname="TestCases.SearchCombinations" name="VerifyColContentProvider" time="36.542"/>
  <testcase classname="TestCases.SearchCombinations" name="VerifyColPPUTitles" time="39.712"/>
  <testcase classname="TestCases.SearchCombinations" name="VerifyAllBookDetails" time="16.549"/>
  <testcase classname="TestCases.SearchCombinations" name="VerifySeriesAndProvider" time="9.568"/>
  <testcase classname="TestCases.SearchCombinations" name="VerifyColCategoryAndSubject" time="18.473"/>
  <testcase classname="TestCases.SearchCombinations" name="VerifyStreetDateAndLastCirculated" time="8.608"/>
  <testcase classname="TestCases.SearchCombinations" name="VerifyAuthorAndProvider" time="8.140"/>
  <testcase classname="TestCases.SearchCombinations" name="VerifyLanguage" time="9.654"/>
  <testcase classname="TestCases.SearchCombinations" name="VerifyTitleAuthorAndPublisher" time="9.786"/>
  <testcase classname="TestCases.SearchCombinations" name="VerifyColAudience" time="16.846"/>
  <testcase classname="TestCases.SearchCombinations" name="VerifyColDateAddedToCAT" time="23.149"/>
  <testcase classname="TestCases.SearchCombinations" name="VerifyColPublisher" time="15.360"/>
  <testcase classname="TestCases.SearchCombinations" name="VerifyColPublishedWithin" time="21.237"/>
  <testcase classname="TestCases.SearchCombinations" name="VerifyColAuthor" time="11.998"/>
  <testcase classname="TestCases.SearchCombinations" name="VerifyColNarrator" time="12.081"/>
  <testcase classname="TestCases.SearchCombinations" name="VerifyHoldRatioAndSubject" time="16.213"/>
  <testcase classname="TestCases.SearchCombinations" name="VerifyDateAddedToCat" time="19.084"/>
  <testcase classname="TestCases.SearchCombinations" name="VerifyNarratorAndModel" time="8.975"/>
  <testcase classname="TestCases.SearchCombinations" name="VerifyColTitle" time="13.559"/>
  <testcase classname="TestCases.SearchCombinations" name="VerifyNarratorAndEdition" time="10.797"/>
  <testcase classname="TestCases.SearchCombinations" name="VerifyColHoldRatio" time="12.050"/>
  <testcase classname="TestCases.SearchCombinations" name="VerifyColSeries" time="12.050"/>
  <testcase classname="TestCases.SearchCombinations" name="VerifyColFormat" time="49.884"/>
  <testcase classname="TestCases.SearchCombinations" name="VerifyColPricing" time="13.811"/>
  <testcase classname="TestCases.SearchCombinations" name="VerifyPreSaleFilterTitlesAndPublisher" time="32.213"/>
</testsuite> <!-- TestCases.SearchCombinations -->
