<?xml version="1.0" encoding="UTF-8"?>
<!-- Generated by org.testng.reporters.JUnitReportReporter -->
<testsuite hostname="CIT-LP252" failures="0" tests="1" name="TestCases.Search_AdvSearchTest" time="26.805" errors="0" timestamp="2024-08-13T19:04:11 IST" skipped="0">
  <testcase classname="TestCases.Search_AdvSearchTest" name="VerifyHiddenProviders" time="26.805"/>
</testsuite> <!-- TestCases.Search_AdvSearchTest -->
