<?xml version="1.0" encoding="UTF-8"?>
<!-- Generated by org.testng.reporters.JUnitReportReporter -->
<testsuite hostname="CIT-LP252" failures="0" tests="8" name="TestCases.Cart_Test" time="177.045" errors="0" timestamp="2024-10-16T04:15:15 IST" skipped="0">
  <testcase classname="TestCases.Cart_Test" name="verifyCreateNewCart" time="8.811"/>
  <testcase classname="TestCases.Cart_Test" name="AddToCart" time="17.464"/>
  <testcase classname="TestCases.Cart_Test" name="verifyAddToCart" time="6.244"/>
  <testcase classname="TestCases.Cart_Test" name="verifyDeleteNewCart" time="7.329"/>
  <testcase classname="TestCases.Cart_Test" name="verifyMoveBetweenCarts" time="62.201"/>
  <testcase classname="TestCases.Cart_Test" name="verifyRemoveSelected" time="44.297"/>
  <testcase classname="TestCases.Cart_Test" name="verifyPrivateCart" time="15.980"/>
  <testcase classname="TestCases.Cart_Test" name="verifyCommunityCart" time="14.719"/>
</testsuite> <!-- TestCases.Cart_Test -->
