<?xml version="1.0" encoding="UTF-8"?>
<!-- Generated by org.testng.reporters.JUnitReportReporter -->
<testsuite hostname="CIT-LP252" failures="0" tests="4" name="TestCases.CuratedLists_Test" time="34.067" errors="0" timestamp="2025-01-07T19:08:20 IST" skipped="0">
  <testcase classname="TestCases.CuratedLists_Test" name="verifyCreateNewCart" time="9.502"/>
  <testcase classname="TestCases.CuratedLists_Test" name="AddToCart" time="14.162"/>
  <testcase classname="TestCases.CuratedLists_Test" name="verifyTitlesInCart" time="6.997"/>
  <testcase classname="TestCases.CuratedLists_Test" name="verifyDeleteNewCart" time="3.406"/>
</testsuite> <!-- TestCases.CuratedLists_Test -->
