<?xml version="1.0" encoding="UTF-8"?>
<!-- Generated by org.testng.reporters.JUnitReportReporter -->
<testsuite hostname="CIT-LP252" failures="0" tests="1" name="TestCases.SearchAdv_Test" time="11.798" errors="0" timestamp="2025-01-20T13:46:08 IST" skipped="0">
  <testcase classname="TestCases.SearchAdv_Test" name="VerifyTitle" time="11.798"/>
</testsuite> <!-- TestCases.SearchAdv_Test -->
