<?xml version="1.0" encoding="UTF-8"?>
<!-- Generated by org.testng.reporters.JUnitReportReporter -->
<testsuite hostname="CIT-LP252" failures="0" tests="1" name="TestCases.Collection_AdvSearchTest" time="12.529" errors="0" timestamp="2024-11-06T17:36:49 IST" skipped="0">
  <testcase classname="TestCases.Collection_AdvSearchTest" name="VerifyColTitle" time="12.529"/>
</testsuite> <!-- TestCases.Collection_AdvSearchTest -->
