<?xml version="1.0" encoding="UTF-8"?>
<!-- Generated by org.testng.reporters.JUnitReportReporter -->
<testsuite hostname="CIT-LP252" failures="0" tests="1" name="TestCases.Search_ISBN" time="9.489" errors="0" timestamp="2024-08-12T19:13:16 IST" skipped="0">
  <testcase classname="TestCases.Search_ISBN" name="VerifySearchByMultipleIsbn" time="9.489"/>
</testsuite> <!-- TestCases.Search_ISBN -->
