<?xml version="1.0" encoding="UTF-8"?>
<!-- Generated by org.testng.reporters.JUnitReportReporter -->
<testsuite hostname="CIT-LP93" failures="0" tests="1" name="com.test.LoginPageTest" time="9.207" errors="0" timestamp="2023-08-03T20:14:04 IST" skipped="0">
  <testcase classname="com.test.LoginPageTest" name="verifyLogin" time="9.207"/>
  <system-out/>
</testsuite> <!-- com.test.LoginPageTest -->
