<?xml version="1.0" encoding="UTF-8"?>
<!-- Generated by org.testng.reporters.JUnitReportReporter -->
<testsuite hostname="CIT-LP252" failures="0" tests="3" name="TestCases.Collection_ISBN" time="46.665" errors="0" timestamp="2024-10-16T04:15:15 IST" skipped="0">
  <testcase classname="TestCases.Collection_ISBN" name="searchByUploadIsbn" time="18.462"/>
  <testcase classname="TestCases.Collection_ISBN" name="VerifyColSearchByIsbn" time="14.030"/>
  <testcase classname="TestCases.Collection_ISBN" name="VerifyColSearchByMultipleIsbn" time="14.173"/>
</testsuite> <!-- TestCases.Collection_ISBN -->
