<?xml version="1.0" encoding="UTF-8"?>
<!-- Generated by org.testng.reporters.JUnitReportReporter -->
<testsuite hostname="CIT-LP252" failures="0" tests="1" name="TestCases.Col_NotForSale" time="7.151" errors="0" timestamp="2025-03-05T17:13:15 IST" skipped="0">
  <testcase classname="TestCases.Col_NotForSale" name="VerifyNotForSaleTitleQuickSearch" time="7.151"/>
</testsuite> <!-- TestCases.Col_NotForSale -->
