<?xml version="1.0" encoding="UTF-8"?>
<!-- Generated by org.testng.reporters.JUnitReportReporter -->
<testsuite hostname="CIT-LP252" failures="0" tests="1" name="TestCases.Resources_Test" time="9.448" errors="0" timestamp="2025-02-12T12:32:16 IST" skipped="0">
  <testcase classname="TestCases.Resources_Test" name="Verify_Resources" time="9.448"/>
</testsuite> <!-- TestCases.Resources_Test -->
