<?xml version="1.0" encoding="UTF-8"?>
<!-- Generated by org.testng.reporters.JUnitReportReporter -->
<testsuite hostname="CIT-LP252" failures="0" tests="1" name="TestCases.SearchLeftPanel_Test" time="6.393" errors="0" timestamp="2024-08-12T19:18:21 IST" skipped="0">
  <testcase classname="TestCases.SearchLeftPanel_Test" name="VerifyQuickSearchByISBN" time="6.393"/>
</testsuite> <!-- TestCases.SearchLeftPanel_Test -->
