<?xml version="1.0" encoding="UTF-8"?>
<!-- Generated by org.testng.reporters.JUnitReportReporter -->
<testsuite hostname="CIT-LP252" failures="0" tests="8" name="TestCases.Shelves_Test" time="86.708" errors="0" timestamp="2024-12-12T17:44:41 IST" skipped="0">
  <testcase classname="TestCases.Shelves_Test" name="verifyCreateManualShelf" time="12.399"/>
  <testcase classname="TestCases.Shelves_Test" name="verifyAddToShelf" time="19.673"/>
  <testcase classname="TestCases.Shelves_Test" name="verifyPublishStatus" time="24.730"/>
  <testcase classname="TestCases.Shelves_Test" name="verifyDeleteShelf" time="4.375"/>
  <testcase classname="TestCases.Shelves_Test" name="verifyCreateAutomatedShelf" time="5.055"/>
  <testcase classname="TestCases.Shelves_Test" name="AutomatedShelf_AddData" time="6.277"/>
  <testcase classname="TestCases.Shelves_Test" name="verifyAutoPublishStatus" time="9.857"/>
  <testcase classname="TestCases.Shelves_Test" name="verifyAutoDeleteShelf" time="4.342"/>
</testsuite> <!-- TestCases.Shelves_Test -->
