<?xml version="1.0" encoding="UTF-8"?>
<!-- Generated by org.testng.reporters.JUnitReportReporter -->
<testsuite hostname="CIT-LP252" failures="0" tests="4" name="TestCases.SavedSearch_Test" time="54.073" errors="0" timestamp="2024-10-16T04:15:15 IST" skipped="0">
  <testcase classname="TestCases.SavedSearch_Test" name="VerifyCreateSavedSearchSingleTitle" time="29.426"/>
  <testcase classname="TestCases.SavedSearch_Test" name="VerifySearchKeywordsVisibility" time="3.066"/>
  <testcase classname="TestCases.SavedSearch_Test" name="VerifyUpdateSearchTitles" time="7.575"/>
  <testcase classname="TestCases.SavedSearch_Test" name="VerifydeleteSavedSearch" time="14.006"/>
</testsuite> <!-- TestCases.SavedSearch_Test -->
