<?xml version="1.0" encoding="UTF-8"?>
<!-- Generated by org.testng.reporters.JUnitReportReporter -->
<testsuite hostname="CIT-LP252" failures="0" tests="2" name="TestCases.Search_ISBN" time="24.873" errors="0" timestamp="2024-10-16T04:15:15 IST" skipped="0">
  <testcase classname="TestCases.Search_ISBN" name="VerifySearchByIsbn" time="12.465"/>
  <testcase classname="TestCases.Search_ISBN" name="VerifySearchByMultipleIsbn" time="12.408"/>
</testsuite> <!-- TestCases.Search_ISBN -->
