<?xml version="1.0" encoding="UTF-8"?>
<!-- Generated by org.testng.reporters.JUnitReportReporter -->
<testsuite hostname="CIT-LP252" failures="0" tests="1" name="com.constants.TestExtentReports" time="0.016" errors="0" timestamp="2024-07-15T18:10:56 IST" skipped="0">
  <testcase classname="com.constants.TestExtentReports" name="passTest" time="0.016"/>
  <system-out/>
</testsuite> <!-- com.constants.TestExtentReports -->
