<?xml version="1.0" encoding="UTF-8"?>
<!-- Generated by org.testng.reporters.JUnitReportReporter -->
<testsuite hostname="CIT-LP252" failures="0" tests="1" name="TestCases.SearchCombinations" time="10.539" errors="0" timestamp="2025-01-27T12:00:08 IST" skipped="0">
  <testcase classname="TestCases.SearchCombinations" name="VerifyTitleAndAuthor" time="10.539"/>
</testsuite> <!-- TestCases.SearchCombinations -->
