<?xml version="1.0" encoding="UTF-8"?>
<!-- Generated by org.testng.reporters.JUnitReportReporter -->
<testsuite hostname="CIT-LP252" failures="0" tests="1" name="TestCases.SearchCombinations" time="17.389" errors="0" timestamp="2024-10-29T19:24:26 IST" skipped="0">
  <testcase classname="TestCases.SearchCombinations" name="VerifyAllBookDetails" time="17.389"/>
</testsuite> <!-- TestCases.SearchCombinations -->
