<?xml version="1.0" encoding="UTF-8"?>
<!-- Generated by org.testng.reporters.JUnitReportReporter -->
<testsuite hostname="CIT-LP252" failures="0" tests="4" name="TestCases.SavedSearch_Test" time="62.144" errors="0" timestamp="2024-12-03T19:27:42 IST" skipped="0">
  <testcase classname="TestCases.SavedSearch_Test" name="VerifyCreateSavedSearchSingleTitle" time="32.240"/>
  <testcase classname="TestCases.SavedSearch_Test" name="VerifySearchKeywordsVisibility" time="4.501"/>
  <testcase classname="TestCases.SavedSearch_Test" name="VerifyUpdateSearchTitles" time="9.515"/>
  <testcase classname="TestCases.SavedSearch_Test" name="VerifydeleteSavedSearch" time="15.888"/>
</testsuite> <!-- TestCases.SavedSearch_Test -->
