<?xml version="1.0" encoding="UTF-8"?>
<!-- Generated by org.testng.reporters.JUnitReportReporter -->
<testsuite hostname="CIT-LP252" failures="0" tests="2" name="TestCases.Search_ISBN" time="24.533" errors="0" timestamp="2024-12-03T19:27:42 IST" skipped="0">
  <testcase classname="TestCases.Search_ISBN" name="VerifySearchByIsbn" time="12.248"/>
  <testcase classname="TestCases.Search_ISBN" name="VerifySearchByMultipleIsbn" time="12.285"/>
</testsuite> <!-- TestCases.Search_ISBN -->
