<?xml version="1.0" encoding="UTF-8"?>
<!-- Generated by org.testng.reporters.JUnitReportReporter -->
<testsuite hostname="CIT-LP252" failures="0" tests="1" name="TestCases.Resources_Test" time="16.636" errors="0" timestamp="2025-02-25T16:33:04 IST" skipped="0">
  <testcase classname="TestCases.Resources_Test" name="Verify_Resources" time="16.636"/>
</testsuite> <!-- TestCases.Resources_Test -->
