<?xml version="1.0" encoding="UTF-8"?>
<!-- Generated by org.testng.reporters.JUnitReportReporter -->
<testsuite hostname="CIT-LP252" failures="0" tests="1" name="TestCases.Support_Test" time="2.407" errors="0" timestamp="2025-02-12T12:32:16 IST" skipped="0">
  <testcase classname="TestCases.Support_Test" name="Verify_Support" time="2.407"/>
</testsuite> <!-- TestCases.Support_Test -->
