<?xml version="1.0" encoding="UTF-8"?>
<!-- Generated by org.testng.reporters.JUnitReportReporter -->
<testsuite hostname="CIT-LP252" failures="0" tests="1" name="TestCases.SearchCombinations" time="10.006" errors="0" timestamp="2024-10-22T19:51:54 IST" skipped="0">
  <testcase classname="TestCases.SearchCombinations" name="VerifyAddedToCatAndLastPurchased" time="10.006"/>
</testsuite> <!-- TestCases.SearchCombinations -->
