<?xml version="1.0" encoding="UTF-8"?>
<!-- Generated by org.testng.reporters.JUnitReportReporter -->
<testsuite skipped="0" hostname="QA-RANGARAJAN" name="com.test.SettingsTest" tests="2" failures="0" timestamp="2023-09-19T18:45:48 IST" time="10.754" errors="0">
  <testcase name="verifyALogin" time="4.216" classname="com.test.SettingsTest"/>
  <testcase name="verifySearch" time="6.538" classname="com.test.SettingsTest"/>
</testsuite> <!-- com.test.SettingsTest -->
