<?xml version="1.0" encoding="UTF-8"?>
<!-- Generated by org.testng.reporters.JUnitReportReporter -->
<testsuite hostname="CIT-LP252" failures="0" tests="1" name="TestCases.Cart_Test" time="4.693" errors="0" timestamp="2024-08-21T18:32:22 IST" skipped="0">
  <testcase classname="TestCases.Cart_Test" name="verifyCreateNewCart" time="4.693"/>
</testsuite> <!-- TestCases.Cart_Test -->
