<?xml version="1.0" encoding="UTF-8"?>
<!-- Generated by org.testng.reporters.JUnitReportReporter -->
<testsuite hostname="CIT-LP252" failures="0" tests="12" name="TestCases.Search_Test" time="364.765" errors="1" timestamp="2024-07-24T19:05:13 IST" skipped="0">
  <testcase classname="TestCases.Search_Test" name="verifyMultipleTitlesLeftPanel" time="41.705"/>
  <system-out/>
  <testcase classname="TestCases.Search_Test" name="VerifyQuickSearchByISBN" time="19.604"/>
  <system-out/>
  <testcase classname="TestCases.Search_Test" name="verifySpecificTitleLeftPanel" time="71.631">
    <error message="Error {
  message=&#039;Timeout 30000ms exceeded.
  name=&#039;TimeoutError
  stack=&#039;TimeoutError: Timeout 30000ms exceeded.
    at ProgressController.run (C:\Users\raja.k\AppData\Local\Temp\playwright-java-439727552160644393\package\lib\server\progress.js:78:26)
    at Frame._callOnElementOnceMatches (C:\Users\raja.k\AppData\Local\Temp\playwright-java-439727552160644393\package\lib\server\frames.js:1418:23)
    at Frame.textContent (C:\Users\raja.k\AppData\Local\Temp\playwright-java-439727552160644393\package\lib\server\frames.js:1058:17)
    at FrameDispatcher.textContent (C:\Users\raja.k\AppData\Local\Temp\playwright-java-439727552160644393\package\lib\server\dispatchers\frameDispatcher.js:179:37)
    at FrameDispatcher._handleCommand (C:\Users\raja.k\AppData\Local\Temp\playwright-java-439727552160644393\package\lib\server\dispatchers\dispatcher.js:94:40)
    at DispatcherConnection.dispatch (C:\Users\raja.k\AppData\Local\Temp\playwright-java-439727552160644393\package\lib\server\dispatchers\dispatcher.js:365:39)
}
Call log:
- waiting for locator(&quot;//p[text()=&#039;9780739330050&#039;]&quot;)
" type="com.microsoft.playwright.TimeoutError">
      <![CDATA[com.microsoft.playwright.TimeoutError: Error {
  message='Timeout 30000ms exceeded.
  name='TimeoutError
  stack='TimeoutError: Timeout 30000ms exceeded.
    at ProgressController.run (C:\Users\raja.k\AppData\Local\Temp\playwright-java-439727552160644393\package\lib\server\progress.js:78:26)
    at Frame._callOnElementOnceMatches (C:\Users\raja.k\AppData\Local\Temp\playwright-java-439727552160644393\package\lib\server\frames.js:1418:23)
    at Frame.textContent (C:\Users\raja.k\AppData\Local\Temp\playwright-java-439727552160644393\package\lib\server\frames.js:1058:17)
    at FrameDispatcher.textContent (C:\Users\raja.k\AppData\Local\Temp\playwright-java-439727552160644393\package\lib\server\dispatchers\frameDispatcher.js:179:37)
    at FrameDispatcher._handleCommand (C:\Users\raja.k\AppData\Local\Temp\playwright-java-439727552160644393\package\lib\server\dispatchers\dispatcher.js:94:40)
    at DispatcherConnection.dispatch (C:\Users\raja.k\AppData\Local\Temp\playwright-java-439727552160644393\package\lib\server\dispatchers\dispatcher.js:365:39)
}
Call log:
- waiting for locator("//p[text()='9780739330050']")

at com.microsoft.playwright.impl.WaitableResult.get(WaitableResult.java:52)
at com.microsoft.playwright.impl.ChannelOwner.runUntil(ChannelOwner.java:120)
at com.microsoft.playwright.impl.Connection.sendMessage(Connection.java:130)
at com.microsoft.playwright.impl.ChannelOwner.sendMessage(ChannelOwner.java:106)
at com.microsoft.playwright.impl.FrameImpl.textContentImpl(FrameImpl.java:818)
at com.microsoft.playwright.impl.FrameImpl.lambda$textContent$38(FrameImpl.java:809)
at com.microsoft.playwright.impl.LoggingSupport.withLogging(LoggingSupport.java:47)
at com.microsoft.playwright.impl.ChannelOwner.withLogging(ChannelOwner.java:89)
at com.microsoft.playwright.impl.FrameImpl.textContent(FrameImpl.java:809)
at com.microsoft.playwright.impl.LocatorImpl.textContent(LocatorImpl.java:582)
at com.microsoft.playwright.Locator.textContent(Locator.java:5090)
at com.pages.SearchPage.actualVerify(SearchPage.java:281)
at TestCases.Search_Test.verifySpecificTitleLeftPanel(Search_Test.java:149)
at java.base/jdk.internal.reflect.NativeMethodAccessorImpl.invoke0(Native Method)
at java.base/jdk.internal.reflect.NativeMethodAccessorImpl.invoke(NativeMethodAccessorImpl.java:77)
at java.base/jdk.internal.reflect.DelegatingMethodAccessorImpl.invoke(DelegatingMethodAccessorImpl.java:43)
at java.base/java.lang.reflect.Method.invoke(Method.java:568)
at org.testng.internal.MethodInvocationHelper.invokeMethod(MethodInvocationHelper.java:133)
at org.testng.internal.TestInvoker.invokeMethod(TestInvoker.java:598)
at org.testng.internal.TestInvoker.invokeTestMethod(TestInvoker.java:173)
at org.testng.internal.MethodRunner.runInSequence(MethodRunner.java:46)
at org.testng.internal.TestInvoker$MethodInvocationAgent.invoke(TestInvoker.java:824)
at org.testng.internal.TestInvoker.invokeTestMethods(TestInvoker.java:146)
at org.testng.internal.TestMethodWorker.invokeTestMethods(TestMethodWorker.java:146)
at org.testng.internal.TestMethodWorker.run(TestMethodWorker.java:128)
at java.base/java.util.ArrayList.forEach(ArrayList.java:1511)
at org.testng.TestRunner.privateRun(TestRunner.java:794)
at org.testng.TestRunner.run(TestRunner.java:596)
at org.testng.SuiteRunner.runTest(SuiteRunner.java:377)
at org.testng.SuiteRunner.runSequentially(SuiteRunner.java:371)
at org.testng.SuiteRunner.privateRun(SuiteRunner.java:332)
at org.testng.SuiteRunner.run(SuiteRunner.java:276)
at org.testng.SuiteRunnerWorker.runSuite(SuiteRunnerWorker.java:53)
at org.testng.SuiteRunnerWorker.run(SuiteRunnerWorker.java:96)
at org.testng.TestNG.runSuitesSequentially(TestNG.java:1212)
at org.testng.TestNG.runSuitesLocally(TestNG.java:1134)
at org.testng.TestNG.runSuites(TestNG.java:1063)
at org.testng.TestNG.run(TestNG.java:1031)
at org.testng.remote.AbstractRemoteTestNG.run(AbstractRemoteTestNG.java:115)
at org.testng.remote.RemoteTestNG.initAndRun(RemoteTestNG.java:251)
at org.testng.remote.RemoteTestNG.main(RemoteTestNG.java:77)
Caused by: com.microsoft.playwright.TimeoutError: Error {
  message='Timeout 30000ms exceeded.
  name='TimeoutError
  stack='TimeoutError: Timeout 30000ms exceeded.
    at ProgressController.run (C:\Users\raja.k\AppData\Local\Temp\playwright-java-439727552160644393\package\lib\server\progress.js:78:26)
    at Frame._callOnElementOnceMatches (C:\Users\raja.k\AppData\Local\Temp\playwright-java-439727552160644393\package\lib\server\frames.js:1418:23)
    at Frame.textContent (C:\Users\raja.k\AppData\Local\Temp\playwright-java-439727552160644393\package\lib\server\frames.js:1058:17)
    at FrameDispatcher.textContent (C:\Users\raja.k\AppData\Local\Temp\playwright-java-439727552160644393\package\lib\server\dispatchers\frameDispatcher.js:179:37)
    at FrameDispatcher._handleCommand (C:\Users\raja.k\AppData\Local\Temp\playwright-java-439727552160644393\package\lib\server\dispatchers\dispatcher.js:94:40)
    at DispatcherConnection.dispatch (C:\Users\raja.k\AppData\Local\Temp\playwright-java-439727552160644393\package\lib\server\dispatchers\dispatcher.js:365:39)
}
Call log:
- waiting for locator("//p[text()='9780739330050']")

at com.microsoft.playwright.impl.Connection.dispatch(Connection.java:254)
at com.microsoft.playwright.impl.Connection.processOneMessage(Connection.java:211)
at com.microsoft.playwright.impl.ChannelOwner.runUntil(ChannelOwner.java:118)
... 39 more
]]>
    </error>
  </testcase> <!-- verifySpecificTitleLeftPanel -->
  <system-out/>
  <testcase classname="TestCases.Search_Test" name="VerifySeriesSearch" time="28.835"/>
  <system-out/>
  <testcase classname="TestCases.Search_Test" name="verifySpecificTitleSearch" time="28.541"/>
  <system-out/>
  <testcase classname="TestCases.Search_Test" name="VerifyQuickSearchByAuthor" time="20.502"/>
  <system-out/>
  <testcase classname="TestCases.Search_Test" name="verifyMultipleTitlesAdvSearch" time="25.124"/>
  <system-out/>
  <testcase classname="TestCases.Search_Test" name="VerifyNarratorSearch" time="31.769"/>
  <system-out/>
  <testcase classname="TestCases.Search_Test" name="VerifyAuthorSearch" time="35.431"/>
  <system-out/>
  <testcase classname="TestCases.Search_Test" name="VerifySearchByIsbn" time="20.758"/>
  <system-out/>
  <testcase classname="TestCases.Search_Test" name="VerifyQuickSearchByTitle" time="20.005"/>
  <system-out/>
  <testcase classname="TestCases.Search_Test" name="verifyKeywordFieldsDisabled" time="20.860"/>
  <system-out/>
</testsuite> <!-- TestCases.Search_Test -->
