<?xml version="1.0" encoding="UTF-8"?>
<!-- Generated by org.testng.reporters.JUnitReportReporter -->
<testsuite hostname="CIT-LP252" failures="0" tests="1" name="TestCases.ResourcesTest" time="20.245" errors="0" timestamp="2024-12-02T18:45:36 IST" skipped="0">
  <testcase classname="TestCases.ResourcesTest" name="Verify_Resources" time="20.245"/>
</testsuite> <!-- TestCases.ResourcesTest -->
