<?xml version="1.0" encoding="UTF-8"?>
<!-- Generated by org.testng.reporters.JUnitReportReporter -->
<testsuite hostname="CIT-LP252" failures="0" tests="1" name="TestCases.Report_Test" time="33.365" errors="1" timestamp="2024-11-26T19:44:29 IST" skipped="0">
  <testcase classname="TestCases.Report_Test" name="validateReport" time="33.365">
    <error message="Error {
  message=&#039;Timeout 30000ms exceeded.
  name=&#039;TimeoutError
  stack=&#039;TimeoutError: Timeout 30000ms exceeded.
    at ProgressController.run (C:\Users\raja.k\AppData\Local\Temp\playwright-java-2009952044961795999\package\lib\server\progress.js:78:26)
    at Frame._callOnElementOnceMatches (C:\Users\raja.k\AppData\Local\Temp\playwright-java-2009952044961795999\package\lib\server\frames.js:1418:23)
    at Frame.textContent (C:\Users\raja.k\AppData\Local\Temp\playwright-java-2009952044961795999\package\lib\server\frames.js:1058:17)
    at FrameDispatcher.textContent (C:\Users\raja.k\AppData\Local\Temp\playwright-java-2009952044961795999\package\lib\server\dispatchers\frameDispatcher.js:179:37)
    at FrameDispatcher._handleCommand (C:\Users\raja.k\AppData\Local\Temp\playwright-java-2009952044961795999\package\lib\server\dispatchers\dispatcher.js:94:40)
    at DispatcherConnection.dispatch (C:\Users\raja.k\AppData\Local\Temp\playwright-java-2009952044961795999\package\lib\server\dispatchers\dispatcher.js:365:39)
    at runNextTicks (node:internal/process/task_queues:60:5)
    at process.processImmediate (node:internal/timers:449:9)
}
Call log:
- waiting for locator(&quot;//div[@id=&#039;logindisplay&#039;]&quot;)
" type="com.microsoft.playwright.TimeoutError">
      <![CDATA[com.microsoft.playwright.TimeoutError: Error {
  message='Timeout 30000ms exceeded.
  name='TimeoutError
  stack='TimeoutError: Timeout 30000ms exceeded.
    at ProgressController.run (C:\Users\raja.k\AppData\Local\Temp\playwright-java-2009952044961795999\package\lib\server\progress.js:78:26)
    at Frame._callOnElementOnceMatches (C:\Users\raja.k\AppData\Local\Temp\playwright-java-2009952044961795999\package\lib\server\frames.js:1418:23)
    at Frame.textContent (C:\Users\raja.k\AppData\Local\Temp\playwright-java-2009952044961795999\package\lib\server\frames.js:1058:17)
    at FrameDispatcher.textContent (C:\Users\raja.k\AppData\Local\Temp\playwright-java-2009952044961795999\package\lib\server\dispatchers\frameDispatcher.js:179:37)
    at FrameDispatcher._handleCommand (C:\Users\raja.k\AppData\Local\Temp\playwright-java-2009952044961795999\package\lib\server\dispatchers\dispatcher.js:94:40)
    at DispatcherConnection.dispatch (C:\Users\raja.k\AppData\Local\Temp\playwright-java-2009952044961795999\package\lib\server\dispatchers\dispatcher.js:365:39)
    at runNextTicks (node:internal/process/task_queues:60:5)
    at process.processImmediate (node:internal/timers:449:9)
}
Call log:
- waiting for locator("//div[@id='logindisplay']")

at com.microsoft.playwright.impl.WaitableResult.get(WaitableResult.java:52)
at com.microsoft.playwright.impl.ChannelOwner.runUntil(ChannelOwner.java:120)
at com.microsoft.playwright.impl.Connection.sendMessage(Connection.java:130)
at com.microsoft.playwright.impl.ChannelOwner.sendMessage(ChannelOwner.java:106)
at com.microsoft.playwright.impl.FrameImpl.textContentImpl(FrameImpl.java:818)
at com.microsoft.playwright.impl.FrameImpl.lambda$textContent$38(FrameImpl.java:809)
at com.microsoft.playwright.impl.LoggingSupport.withLogging(LoggingSupport.java:47)
at com.microsoft.playwright.impl.ChannelOwner.withLogging(ChannelOwner.java:89)
at com.microsoft.playwright.impl.FrameImpl.textContent(FrameImpl.java:809)
at com.microsoft.playwright.impl.LocatorImpl.textContent(LocatorImpl.java:582)
at com.microsoft.playwright.Locator.textContent(Locator.java:5090)
at com.pages.ReportsPage.verifyOnReportTab(ReportsPage.java:42)
at TestCases.Report_Test.validateReport(Report_Test.java:16)
at java.base/jdk.internal.reflect.NativeMethodAccessorImpl.invoke0(Native Method)
at java.base/jdk.internal.reflect.NativeMethodAccessorImpl.invoke(NativeMethodAccessorImpl.java:77)
at java.base/jdk.internal.reflect.DelegatingMethodAccessorImpl.invoke(DelegatingMethodAccessorImpl.java:43)
at java.base/java.lang.reflect.Method.invoke(Method.java:568)
at org.testng.internal.invokers.MethodInvocationHelper.invokeMethod(MethodInvocationHelper.java:141)
at org.testng.internal.invokers.TestInvoker.invokeMethod(TestInvoker.java:686)
at org.testng.internal.invokers.TestInvoker.invokeTestMethod(TestInvoker.java:230)
at org.testng.internal.invokers.MethodRunner.runInSequence(MethodRunner.java:63)
at org.testng.internal.invokers.TestInvoker$MethodInvocationAgent.invoke(TestInvoker.java:992)
at org.testng.internal.invokers.TestInvoker.invokeTestMethods(TestInvoker.java:203)
at org.testng.internal.invokers.TestMethodWorker.invokeTestMethods(TestMethodWorker.java:154)
at org.testng.internal.invokers.TestMethodWorker.run(TestMethodWorker.java:134)
at java.base/java.util.ArrayList.forEach(ArrayList.java:1511)
at org.testng.TestRunner.privateRun(TestRunner.java:739)
at org.testng.TestRunner.run(TestRunner.java:614)
at org.testng.SuiteRunner.runTest(SuiteRunner.java:421)
at org.testng.SuiteRunner.runSequentially(SuiteRunner.java:413)
at org.testng.SuiteRunner.privateRun(SuiteRunner.java:373)
at org.testng.SuiteRunner.run(SuiteRunner.java:312)
at org.testng.SuiteRunnerWorker.runSuite(SuiteRunnerWorker.java:52)
at org.testng.SuiteRunnerWorker.run(SuiteRunnerWorker.java:95)
at org.testng.TestNG.runSuitesSequentially(TestNG.java:1274)
at org.testng.TestNG.runSuitesLocally(TestNG.java:1208)
at org.testng.TestNG.runSuites(TestNG.java:1112)
at org.testng.TestNG.run(TestNG.java:1079)
at org.testng.remote.AbstractRemoteTestNG.run(AbstractRemoteTestNG.java:115)
at org.testng.remote.RemoteTestNG.initAndRun(RemoteTestNG.java:293)
at org.testng.remote.RemoteTestNG.main(RemoteTestNG.java:91)
Caused by: com.microsoft.playwright.TimeoutError: Error {
  message='Timeout 30000ms exceeded.
  name='TimeoutError
  stack='TimeoutError: Timeout 30000ms exceeded.
    at ProgressController.run (C:\Users\raja.k\AppData\Local\Temp\playwright-java-2009952044961795999\package\lib\server\progress.js:78:26)
    at Frame._callOnElementOnceMatches (C:\Users\raja.k\AppData\Local\Temp\playwright-java-2009952044961795999\package\lib\server\frames.js:1418:23)
    at Frame.textContent (C:\Users\raja.k\AppData\Local\Temp\playwright-java-2009952044961795999\package\lib\server\frames.js:1058:17)
    at FrameDispatcher.textContent (C:\Users\raja.k\AppData\Local\Temp\playwright-java-2009952044961795999\package\lib\server\dispatchers\frameDispatcher.js:179:37)
    at FrameDispatcher._handleCommand (C:\Users\raja.k\AppData\Local\Temp\playwright-java-2009952044961795999\package\lib\server\dispatchers\dispatcher.js:94:40)
    at DispatcherConnection.dispatch (C:\Users\raja.k\AppData\Local\Temp\playwright-java-2009952044961795999\package\lib\server\dispatchers\dispatcher.js:365:39)
    at runNextTicks (node:internal/process/task_queues:60:5)
    at process.processImmediate (node:internal/timers:449:9)
}
Call log:
- waiting for locator("//div[@id='logindisplay']")

at com.microsoft.playwright.impl.Connection.dispatch(Connection.java:254)
at com.microsoft.playwright.impl.Connection.processOneMessage(Connection.java:211)
at com.microsoft.playwright.impl.ChannelOwner.runUntil(ChannelOwner.java:118)
... 39 more
]]>
    </error>
  </testcase> <!-- validateReport -->
</testsuite> <!-- TestCases.Report_Test -->
