<?xml version="1.0" encoding="UTF-8"?>
<!-- Generated by org.testng.reporters.JUnitReportReporter -->
<testsuite hostname="CIT-LP252" failures="0" tests="18" name="TestCases.Search_AdvSearchTest" time="375.945" errors="0" timestamp="2024-10-16T04:15:15 IST" skipped="0">
  <testcase classname="TestCases.Search_AdvSearchTest" name="VerifyPreSaleFilterTitles" time="41.572"/>
  <testcase classname="TestCases.Search_AdvSearchTest" name="VerifyPublishedWithin" time="20.868"/>
  <testcase classname="TestCases.Search_AdvSearchTest" name="VerifyPreSaleTitle" time="17.513"/>
  <testcase classname="TestCases.Search_AdvSearchTest" name="VerifyPricing" time="17.774"/>
  <testcase classname="TestCases.Search_AdvSearchTest" name="VerifyHoldRatio" time="11.529"/>
  <testcase classname="TestCases.Search_AdvSearchTest" name="VerifyFormat" time="39.753"/>
  <testcase classname="TestCases.Search_AdvSearchTest" name="VerifyHiddenProviders" time="48.418"/>
  <testcase classname="TestCases.Search_AdvSearchTest" name="VerifyTitle" time="14.804"/>
  <testcase classname="TestCases.Search_AdvSearchTest" name="VerifyLanguage" time="14.781"/>
  <testcase classname="TestCases.Search_AdvSearchTest" name="VerifyCategoryAndSubject" time="15.973"/>
  <testcase classname="TestCases.Search_AdvSearchTest" name="VerifyPPUTitle" time="13.529"/>
  <testcase classname="TestCases.Search_AdvSearchTest" name="VerifyContentProvider" time="14.848"/>
  <testcase classname="TestCases.Search_AdvSearchTest" name="VerifySeries" time="11.970"/>
  <testcase classname="TestCases.Search_AdvSearchTest" name="VerifyPublisher" time="14.966"/>
  <testcase classname="TestCases.Search_AdvSearchTest" name="VerifyNarrator" time="13.031"/>
  <testcase classname="TestCases.Search_AdvSearchTest" name="VerifyAudience" time="24.477"/>
  <testcase classname="TestCases.Search_AdvSearchTest" name="VerifyAuthor" time="13.099"/>
  <testcase classname="TestCases.Search_AdvSearchTest" name="VerifyDateAddedToCat" time="27.040"/>
</testsuite> <!-- TestCases.Search_AdvSearchTest -->
