<?xml version="1.0" encoding="UTF-8"?>
<!-- Generated by org.testng.reporters.JUnitReportReporter -->
<testsuite hostname="CIT-LP252" failures="0" tests="1" name="TestCases.SavedSearch_Test" time="109.248" errors="1" timestamp="2024-08-13T21:12:19 IST" skipped="0">
  <testcase classname="TestCases.SavedSearch_Test" name="VerifyFormatDrpdwns" time="109.248">
    <error message="Error {
  message=&#039;Timeout 30000ms exceeded.
  name=&#039;TimeoutError
  stack=&#039;TimeoutError: Timeout 30000ms exceeded.
    at ProgressController.run (C:\Users\raja.k\AppData\Local\Temp\playwright-java-16989822662366224853\package\lib\server\progress.js:78:26)
    at Frame._callOnElementOnceMatches (C:\Users\raja.k\AppData\Local\Temp\playwright-java-16989822662366224853\package\lib\server\frames.js:1418:23)
    at Frame.innerText (C:\Users\raja.k\AppData\Local\Temp\playwright-java-16989822662366224853\package\lib\server\frames.js:1061:17)
    at FrameDispatcher.innerText (C:\Users\raja.k\AppData\Local\Temp\playwright-java-16989822662366224853\package\lib\server\dispatchers\frameDispatcher.js:186:32)
    at FrameDispatcher._handleCommand (C:\Users\raja.k\AppData\Local\Temp\playwright-java-16989822662366224853\package\lib\server\dispatchers\dispatcher.js:94:40)
    at DispatcherConnection.dispatch (C:\Users\raja.k\AppData\Local\Temp\playwright-java-16989822662366224853\package\lib\server\dispatchers\dispatcher.js:365:39)
}
Call log:
- waiting for locator(&quot;//div[@class=&#039;ReactVirtualized__Grid ReactVirtualized__List scrollStyle&#039;]&quot;)
" type="com.microsoft.playwright.TimeoutError">
      <![CDATA[com.microsoft.playwright.TimeoutError: Error {
  message='Timeout 30000ms exceeded.
  name='TimeoutError
  stack='TimeoutError: Timeout 30000ms exceeded.
    at ProgressController.run (C:\Users\raja.k\AppData\Local\Temp\playwright-java-16989822662366224853\package\lib\server\progress.js:78:26)
    at Frame._callOnElementOnceMatches (C:\Users\raja.k\AppData\Local\Temp\playwright-java-16989822662366224853\package\lib\server\frames.js:1418:23)
    at Frame.innerText (C:\Users\raja.k\AppData\Local\Temp\playwright-java-16989822662366224853\package\lib\server\frames.js:1061:17)
    at FrameDispatcher.innerText (C:\Users\raja.k\AppData\Local\Temp\playwright-java-16989822662366224853\package\lib\server\dispatchers\frameDispatcher.js:186:32)
    at FrameDispatcher._handleCommand (C:\Users\raja.k\AppData\Local\Temp\playwright-java-16989822662366224853\package\lib\server\dispatchers\dispatcher.js:94:40)
    at DispatcherConnection.dispatch (C:\Users\raja.k\AppData\Local\Temp\playwright-java-16989822662366224853\package\lib\server\dispatchers\dispatcher.js:365:39)
}
Call log:
- waiting for locator("//div[@class='ReactVirtualized__Grid ReactVirtualized__List scrollStyle']")

at com.microsoft.playwright.impl.WaitableResult.get(WaitableResult.java:52)
at com.microsoft.playwright.impl.ChannelOwner.runUntil(ChannelOwner.java:120)
at com.microsoft.playwright.impl.Connection.sendMessage(Connection.java:130)
at com.microsoft.playwright.impl.ChannelOwner.sendMessage(ChannelOwner.java:106)
at com.microsoft.playwright.impl.FrameImpl.innerTextImpl(FrameImpl.java:526)
at com.microsoft.playwright.impl.FrameImpl.lambda$innerText$22(FrameImpl.java:517)
at com.microsoft.playwright.impl.LoggingSupport.withLogging(LoggingSupport.java:47)
at com.microsoft.playwright.impl.ChannelOwner.withLogging(ChannelOwner.java:89)
at com.microsoft.playwright.impl.FrameImpl.innerText(FrameImpl.java:517)
at com.microsoft.playwright.impl.LocatorImpl.innerText(LocatorImpl.java:351)
at com.microsoft.playwright.Locator.innerText(Locator.java:3714)
at com.Factory.PlaywrightFactory.containsVerify(PlaywrightFactory.java:282)
at TestCases.SavedSearch_Test.VerifyFormatDrpdwns(SavedSearch_Test.java:153)
at java.base/jdk.internal.reflect.NativeMethodAccessorImpl.invoke0(Native Method)
at java.base/jdk.internal.reflect.NativeMethodAccessorImpl.invoke(NativeMethodAccessorImpl.java:77)
at java.base/jdk.internal.reflect.DelegatingMethodAccessorImpl.invoke(DelegatingMethodAccessorImpl.java:43)
at java.base/java.lang.reflect.Method.invoke(Method.java:568)
at org.testng.internal.invokers.MethodInvocationHelper.invokeMethod(MethodInvocationHelper.java:141)
at org.testng.internal.invokers.TestInvoker.invokeMethod(TestInvoker.java:686)
at org.testng.internal.invokers.TestInvoker.invokeTestMethod(TestInvoker.java:230)
at org.testng.internal.invokers.MethodRunner.runInSequence(MethodRunner.java:63)
at org.testng.internal.invokers.TestInvoker$MethodInvocationAgent.invoke(TestInvoker.java:992)
at org.testng.internal.invokers.TestInvoker.invokeTestMethods(TestInvoker.java:203)
at org.testng.internal.invokers.TestMethodWorker.invokeTestMethods(TestMethodWorker.java:154)
at org.testng.internal.invokers.TestMethodWorker.run(TestMethodWorker.java:134)
at java.base/java.util.ArrayList.forEach(ArrayList.java:1511)
at org.testng.TestRunner.privateRun(TestRunner.java:739)
at org.testng.TestRunner.run(TestRunner.java:614)
at org.testng.SuiteRunner.runTest(SuiteRunner.java:421)
at org.testng.SuiteRunner.runSequentially(SuiteRunner.java:413)
at org.testng.SuiteRunner.privateRun(SuiteRunner.java:373)
at org.testng.SuiteRunner.run(SuiteRunner.java:312)
at org.testng.SuiteRunnerWorker.runSuite(SuiteRunnerWorker.java:52)
at org.testng.SuiteRunnerWorker.run(SuiteRunnerWorker.java:95)
at org.testng.TestNG.runSuitesSequentially(TestNG.java:1274)
at org.testng.TestNG.runSuitesLocally(TestNG.java:1208)
at org.testng.TestNG.runSuites(TestNG.java:1112)
at org.testng.TestNG.run(TestNG.java:1079)
at org.testng.remote.AbstractRemoteTestNG.run(AbstractRemoteTestNG.java:115)
at org.testng.remote.RemoteTestNG.initAndRun(RemoteTestNG.java:293)
at org.testng.remote.RemoteTestNG.main(RemoteTestNG.java:91)
Caused by: com.microsoft.playwright.TimeoutError: Error {
  message='Timeout 30000ms exceeded.
  name='TimeoutError
  stack='TimeoutError: Timeout 30000ms exceeded.
    at ProgressController.run (C:\Users\raja.k\AppData\Local\Temp\playwright-java-16989822662366224853\package\lib\server\progress.js:78:26)
    at Frame._callOnElementOnceMatches (C:\Users\raja.k\AppData\Local\Temp\playwright-java-16989822662366224853\package\lib\server\frames.js:1418:23)
    at Frame.innerText (C:\Users\raja.k\AppData\Local\Temp\playwright-java-16989822662366224853\package\lib\server\frames.js:1061:17)
    at FrameDispatcher.innerText (C:\Users\raja.k\AppData\Local\Temp\playwright-java-16989822662366224853\package\lib\server\dispatchers\frameDispatcher.js:186:32)
    at FrameDispatcher._handleCommand (C:\Users\raja.k\AppData\Local\Temp\playwright-java-16989822662366224853\package\lib\server\dispatchers\dispatcher.js:94:40)
    at DispatcherConnection.dispatch (C:\Users\raja.k\AppData\Local\Temp\playwright-java-16989822662366224853\package\lib\server\dispatchers\dispatcher.js:365:39)
}
Call log:
- waiting for locator("//div[@class='ReactVirtualized__Grid ReactVirtualized__List scrollStyle']")

at com.microsoft.playwright.impl.Connection.dispatch(Connection.java:254)
at com.microsoft.playwright.impl.Connection.processOneMessage(Connection.java:211)
at com.microsoft.playwright.impl.ChannelOwner.runUntil(ChannelOwner.java:118)
... 39 more
]]>
    </error>
  </testcase> <!-- VerifyFormatDrpdwns -->
</testsuite> <!-- TestCases.SavedSearch_Test -->
