<?xml version="1.0" encoding="UTF-8"?>
<!-- Generated by org.testng.reporters.JUnitReportReporter -->
<testsuite hostname="CIT-LP252" failures="0" tests="1" name="TestCases.Collection_ISBN" time="15.038" errors="0" timestamp="2024-08-12T18:58:10 IST" skipped="0">
  <testcase classname="TestCases.Collection_ISBN" name="searchByUploadIsbn" time="15.038"/>
</testsuite> <!-- TestCases.Collection_ISBN -->
