<?xml version="1.0" encoding="UTF-8"?>
<!-- Generated by org.testng.reporters.JUnitReportReporter -->
<testsuite hostname="CIT-LP252" failures="0" tests="1" name="TestCases.SearchAndCollectionTest" time="9.334" errors="0" timestamp="2024-08-12T16:38:09 IST" skipped="0">
  <testcase classname="TestCases.SearchAndCollectionTest" name="VerifyTitle" time="9.334"/>
</testsuite> <!-- TestCases.SearchAndCollectionTest -->
