<?xml version="1.0" encoding="UTF-8"?>
<!-- Generated by org.testng.reporters.JUnitReportReporter -->
<testsuite hostname="CIT-LP252" failures="0" tests="11" name="com.test.Search_Test" time="498.130" errors="0" timestamp="2024-07-19T23:00:05 IST" skipped="0">
  <testcase classname="com.test.Search_Test" name="VerifySeriesSearch" time="58.745"/>
  <system-out/>
  <testcase classname="com.test.Search_Test" name="verifyMultipleTitlesAdvSearch" time="44.831"/>
  <system-out/>
  <testcase classname="com.test.Search_Test" name="VerifyQuickSearchByTitle" time="25.706"/>
  <system-out/>
  <testcase classname="com.test.Search_Test" name="verifyMultipleTitlesLeftPanel" time="48.293"/>
  <system-out/>
  <testcase classname="com.test.Search_Test" name="verifySpecificTitleLeftPanel" time="71.262"/>
  <system-out/>
  <testcase classname="com.test.Search_Test" name="VerifySearchByIsbn" time="67.580"/>
  <system-out/>
  <testcase classname="com.test.Search_Test" name="verifyKeywordFieldsDisabled" time="27.617"/>
  <system-out/>
  <testcase classname="com.test.Search_Test" name="VerifyQuickSearchByISBN" time="21.303"/>
  <system-out/>
  <testcase classname="com.test.Search_Test" name="VerifyAuthorSearch" time="54.903"/>
  <system-out/>
  <testcase classname="com.test.Search_Test" name="VerifyNarratorSearch" time="51.740"/>
  <system-out/>
  <testcase classname="com.test.Search_Test" name="VerifyQuickSearchByAuthor" time="26.150"/>
  <system-out/>
</testsuite> <!-- com.test.Search_Test -->
