<?xml version="1.0" encoding="UTF-8"?>
<!-- Generated by org.testng.reporters.JUnitReportReporter -->
<testsuite hostname="CIT-LP252" failures="0" tests="1" name="TestCases.Search_AdvSearchTest" time="12.231" errors="0" timestamp="2024-12-11T16:32:24 IST" skipped="0">
  <testcase classname="TestCases.Search_AdvSearchTest" name="VerifyTitle" time="12.231"/>
</testsuite> <!-- TestCases.Search_AdvSearchTest -->
