<?xml version="1.0" encoding="UTF-8"?>
<!-- Generated by org.testng.reporters.JUnitReportReporter -->
<testsuite hostname="CIT-LP252" failures="0" tests="1" name="TestCases.class5" time="15.083" errors="0" timestamp="2024-12-10T17:37:43 IST" skipped="0">
  <testcase classname="TestCases.class5" name="generateSessionCookies" time="15.083"/>
</testsuite> <!-- TestCases.class5 -->
