<?xml version="1.0" encoding="UTF-8"?>
<!-- Generated by org.testng.reporters.JUnitReportReporter -->
<testsuite hostname="CIT-LP93" failures="0" tests="2" name="com.api.test.GetAPICall" time="1.388" errors="0" timestamp="2023-08-18T10:38:35 IST" skipped="0">
  <testcase classname="com.api.test.GetAPICall" name="queryParameterAPITest" time="0.528"/>
  <system-out/>
  <testcase classname="com.api.test.GetAPICall" name="getAPITest" time="0.860"/>
  <system-out/>
</testsuite> <!-- com.api.test.GetAPICall -->
