<?xml version="1.0" encoding="UTF-8"?>
<!-- Generated by org.testng.reporters.JUnitReportReporter -->
<testsuite hostname="CIT-LP252" failures="0" tests="1" name="Helper.TestExtentReports" time="0.021" errors="0" timestamp="2024-07-17T12:33:27 IST" skipped="0">
  <testcase classname="Helper.TestExtentReports" name="passTest" time="0.021"/>
  <system-out/>
</testsuite> <!-- Helper.TestExtentReports -->
