<?xml version="1.0" encoding="UTF-8"?>
<!-- Generated by org.testng.reporters.JUnitReportReporter -->
<testsuite hostname="CIT-LP252" failures="0" tests="1" name="TestCases.CartAutoCarts_Test" time="57.936" errors="0" timestamp="2025-01-07T14:36:34 IST" skipped="0">
  <testcase classname="TestCases.CartAutoCarts_Test" name="verifyCreateNewCart" time="57.936"/>
</testsuite> <!-- TestCases.CartAutoCarts_Test -->
