<?xml version="1.0" encoding="UTF-8"?>
<!-- Generated by org.testng.reporters.JUnitReportReporter -->
<testsuite hostname="CIT-LP252" failures="0" tests="1" name="TestCases.Resources_Test" time="12.933" errors="0" timestamp="2024-12-05T16:25:33 IST" skipped="0">
  <testcase classname="TestCases.Resources_Test" name="Verify_Resources" time="12.933"/>
</testsuite> <!-- TestCases.Resources_Test -->
