<?xml version="1.0" encoding="UTF-8"?>
<!-- Generated by org.testng.reporters.JUnitReportReporter -->
<testsuite hostname="CIT-LP252" failures="0" tests="1" name="TestCases.SingleSignOn" time="17.872" errors="0" timestamp="2025-01-24T17:00:31 IST" skipped="0">
  <testcase classname="TestCases.SingleSignOn" name="generateSessionCookies" time="17.872"/>
</testsuite> <!-- TestCases.SingleSignOn -->
