<?xml version="1.0" encoding="UTF-8"?>
<!-- Generated by org.testng.reporters.JUnitReportReporter -->
<testsuite hostname="CIT-LP252" failures="0" tests="1" name="com.test.SavedSearch" time="16.260" errors="0" timestamp="2024-07-19T16:38:14 IST" skipped="0">
  <testcase classname="com.test.SavedSearch" name="VerifySaveSearch" time="16.260"/>
  <system-out/>
</testsuite> <!-- com.test.SavedSearch -->
